TN:
SF:src/components/Footer.tsx
FN:4,(anonymous_0)
FNF:1
FNH:1
FNDA:2,(anonymous_0)
DA:1,1
DA:3,1
DA:4,1
DA:5,2
DA:12,1
LF:5
LH:5
BRF:0
BRH:0
end_of_record
TN:
SF:src/components/product/CountCard.tsx
FN:8,(anonymous_0)
FNF:1
FNH:1
FNDA:4,(anonymous_0)
DA:1,1
DA:8,1
DA:9,4
DA:30,1
LF:4
LH:4
BRF:0
BRH:0
end_of_record
TN:
SF:src/redux/slices/themeSettings.slice.ts
FN:15,(anonymous_0)
FNF:1
FNH:1
FNDA:2,(anonymous_0)
DA:1,1
DA:7,1
DA:11,1
DA:16,2
DA:21,1
DA:23,1
LF:6
LH:6
BRF:0
BRH:0
end_of_record
TN:
SF:src/redux/slices/user.slice.ts
FN:24,(anonymous_0)
FN:28,(anonymous_1)
FN:37,(anonymous_2)
FN:43,(anonymous_3)
FN:50,(anonymous_4)
FNF:5
FNH:5
FNDA:1,(anonymous_0)
FNDA:1,(anonymous_1)
FNDA:1,(anonymous_2)
FNDA:1,(anonymous_3)
FNDA:2,(anonymous_4)
DA:1,1
DA:3,1
DA:13,1
DA:20,1
DA:25,1
DA:26,1
DA:30,1
DA:31,1
DA:32,1
DA:33,1
DA:34,1
DA:35,1
DA:38,1
DA:39,1
DA:40,1
DA:41,1
DA:44,1
DA:45,1
DA:46,1
DA:47,1
DA:48,1
DA:51,2
DA:52,2
DA:53,2
DA:54,1
DA:55,1
DA:57,1
DA:58,1
DA:64,1
DA:67,1
LF:30
LH:30
BRDA:52,0,0,2
BRDA:52,0,1,2
BRDA:53,1,0,1
BRDA:53,1,1,1
BRF:4
BRH:4
end_of_record
TN:
SF:src/utils/errorHandler.ts
FN:2,(anonymous_0)
FNF:1
FNH:1
FNDA:6,(anonymous_0)
DA:2,1
DA:3,6
DA:4,1
DA:5,5
DA:10,1
DA:12,4
LF:6
LH:6
BRDA:3,0,0,1
BRDA:3,0,1,5
BRDA:5,1,0,1
BRDA:5,1,1,4
BRDA:6,2,0,5
BRDA:6,2,1,3
BRDA:6,2,2,2
BRF:7
BRH:7
end_of_record
TN:
SF:src/utils/getNameInitials.ts
FN:1,getNameInitials
FN:5,(anonymous_1)
FNF:2
FNH:2
FNDA:8,getNameInitials
FNDA:15,(anonymous_1)
DA:1,1
DA:2,8
DA:4,7
DA:5,15
DA:7,7
LF:5
LH:5
BRDA:2,0,0,1
BRF:1
BRH:1
end_of_record
TN:
SF:src/utils/jwt.ts
FN:4,(anonymous_0)
FNF:1
FNH:1
FNDA:3,(anonymous_0)
DA:1,1
DA:4,1
DA:5,3
DA:6,1
DA:8,2
DA:9,2
DA:11,1
DA:12,1
LF:8
LH:8
BRDA:5,0,0,1
BRF:1
BRH:1
end_of_record
